# JRE version: OpenJDK Runtime Environment (8.0_181-b13) (build 1.8.0_181-8u181-b13-1ubuntu0.16.04.1-b13)
# Java VM: OpenJDK 64-Bit Server VM (25.181-b13 mixed mode linux-amd64 compressed oops)
Heap:
 PSYoungGen      total 132096K, used 9719K [0x00000000ece00000, 0x00000000f5900000, 0x0000000100000000)
  eden space 122368K, 0% used [0x00000000ece00000,0x00000000ece00000,0x00000000f4580000)
  from space 9728K, 99% used [0x00000000f4580000,0x00000000f4efdff8,0x00000000f4f00000)
  to   space 9216K, 0% used [0x00000000f4f00000,0x00000000f4f00000,0x00000000f5800000)
 ParOldGen       total 43008K, used 22489K [0x00000000c6a00000, 0x00000000c9400000, 0x00000000ece00000)
  object space 43008K, 52% used [0x00000000c6a00000,0x00000000c7ff6638,0x00000000c9400000)
 Metaspace       used 23343K, capacity 23822K, committed 23856K, reserved 1071104K
  class space    used 2687K, capacity 2861K, committed 2864K, reserved 1048576K
GC Heap History (10 events):
Event: 0.801 GC heap after
Heap after GC invocations=3 (full 0):
 PSYoungGen      total 32768K, used 2048K [0x00000000ece00000, 0x00000000f0e00000, 0x0000000100000000)
  eden space 30720K, 0% used [0x00000000ece00000,0x00000000ece00000,0x00000000eec00000)
  from space 2048K, 100% used [0x00000000eec00000,0x00000000eee00000,0x00000000eee00000)
  to   space 2048K, 0% used [0x00000000f0c00000,0x00000000f0c00000,0x00000000f0e00000)
 ParOldGen       total 39936K, used 6169K [0x00000000c6a00000, 0x00000000c9100000, 0x00000000ece00000)
  object space 39936K, 15% used [0x00000000c6a00000,0x00000000c70067a8,0x00000000c9100000)
 Metaspace       used 11287K, capacity 11502K, committed 11776K, reserved 1058816K
  class space    used 1366K, capacity 1475K, committed 1536K, reserved 1048576K
}
Event: 1.431 GC heap before
{Heap before GC invocations=4 (full 0):
 PSYoungGen      total 32768K, used 32768K [0x00000000ece00000, 0x00000000f0e00000, 0x0000000100000000)
  eden space 30720K, 100% used [0x00000000ece00000,0x00000000eec00000,0x00000000eec00000)
  from space 2048K, 100% used [0x00000000eec00000,0x00000000eee00000,0x00000000eee00000)
  to   space 2048K, 0% used [0x00000000f0c00000,0x00000000f0c00000,0x00000000f0e00000)
 ParOldGen       total 39936K, used 6169K [0x00000000c6a00000, 0x00000000c9100000, 0x00000000ece00000)
  object space 39936K, 15% used [0x00000000c6a00000,0x00000000c70067a8,0x00000000c9100000)
 Metaspace       used 14899K, capacity 15130K, committed 15232K, reserved 1062912K
  class space    used 1794K, capacity 1903K, committed 1920K, reserved 1048576K
Event: 1.452 GC heap after
Heap after GC invocations=4 (full 0):
 PSYoungGen      total 63488K, used 2016K [0x00000000ece00000, 0x00000000f0e00000, 0x0000000100000000)
  eden space 61440K, 0% used [0x00000000ece00000,0x00000000ece00000,0x00000000f0a00000)
  from space 2048K, 98% used [0x00000000f0c00000,0x00000000f0df8020,0x00000000f0e00000)
  to   space 2048K, 0% used [0x00000000f0a00000,0x00000000f0a00000,0x00000000f0c00000)
 ParOldGen       total 39936K, used 11203K [0x00000000c6a00000, 0x00000000c9100000, 0x00000000ece00000)
  object space 39936K, 28% used [0x00000000c6a00000,0x00000000c74f0fd0,0x00000000c9100000)
 Metaspace       used 14899K, capacity 15130K, committed 15232K, reserved 1062912K
  class space    used 1794K, capacity 1903K, committed 1920K, reserved 1048576K
}
Event: 2.361 GC heap before
{Heap before GC invocations=5 (full 0):
 PSYoungGen      total 63488K, used 63456K [0x00000000ece00000, 0x00000000f0e00000, 0x0000000100000000)
  eden space 61440K, 100% used [0x00000000ece00000,0x00000000f0a00000,0x00000000f0a00000)
  from space 2048K, 98% used [0x00000000f0c00000,0x00000000f0df8020,0x00000000f0e00000)
  to   space 2048K, 0% used [0x00000000f0a00000,0x00000000f0a00000,0x00000000f0c00000)
 ParOldGen       total 39936K, used 11203K [0x00000000c6a00000, 0x00000000c9100000, 0x00000000ece00000)
  object space 39936K, 28% used [0x00000000c6a00000,0x00000000c74f0fd0,0x00000000c9100000)
 Metaspace       used 16701K, capacity 17082K, committed 17280K, reserved 1064960K
  class space    used 1948K, capacity 2083K, committed 2176K, reserved 1048576K
Event: 2.376 GC heap after
Heap after GC invocations=5 (full 0):
 PSYoungGen      total 63488K, used 2032K [0x00000000ece00000, 0x00000000f5800000, 0x0000000100000000)
  eden space 61440K, 0% used [0x00000000ece00000,0x00000000ece00000,0x00000000f0a00000)
  from space 2048K, 99% used [0x00000000f0a00000,0x00000000f0bfc010,0x00000000f0c00000)
  to   space 9216K, 0% used [0x00000000f4f00000,0x00000000f4f00000,0x00000000f5800000)
 ParOldGen       total 39936K, used 16631K [0x00000000c6a00000, 0x00000000c9100000, 0x00000000ece00000)
  object space 39936K, 41% used [0x00000000c6a00000,0x00000000c7a3ddf0,0x00000000c9100000)
 Metaspace       used 16701K, capacity 17082K, committed 17280K, reserved 1064960K
  class space    used 1948K, capacity 2083K, committed 2176K, reserved 1048576K
}
Event: 3.174 GC heap before
{Heap before GC invocations=6 (full 0):
 PSYoungGen      total 63488K, used 47407K [0x00000000ece00000, 0x00000000f5800000, 0x0000000100000000)
  eden space 61440K, 73% used [0x00000000ece00000,0x00000000efa4ffb0,0x00000000f0a00000)
  from space 2048K, 99% used [0x00000000f0a00000,0x00000000f0bfc010,0x00000000f0c00000)
  to   space 9216K, 0% used [0x00000000f4f00000,0x00000000f4f00000,0x00000000f5800000)
 ParOldGen       total 39936K, used 16631K [0x00000000c6a00000, 0x00000000c9100000, 0x00000000ece00000)
  object space 39936K, 41% used [0x00000000c6a00000,0x00000000c7a3ddf0,0x00000000c9100000)
 Metaspace       used 20831K, capacity 21252K, committed 21296K, reserved 1069056K
  class space    used 2419K, capacity 2580K, committed 2608K, reserved 1048576K
Event: 3.193 GC heap after
Heap after GC invocations=6 (full 0):
 PSYoungGen      total 131584K, used 7115K [0x00000000ece00000, 0x00000000f5900000, 0x0000000100000000)
  eden space 122368K, 0% used [0x00000000ece00000,0x00000000ece00000,0x00000000f4580000)
  from space 9216K, 77% used [0x00000000f4f00000,0x00000000f55f2fc8,0x00000000f5800000)
  to   space 9728K, 0% used [0x00000000f4580000,0x00000000f4580000,0x00000000f4f00000)
 ParOldGen       total 39936K, used 16639K [0x00000000c6a00000, 0x00000000c9100000, 0x00000000ece00000)
  object space 39936K, 41% used [0x00000000c6a00000,0x00000000c7a3fdf0,0x00000000c9100000)
 Metaspace       used 20831K, capacity 21252K, committed 21296K, reserved 1069056K
  class space    used 2419K, capacity 2580K, committed 2608K, reserved 1048576K
}
Event: 3.193 GC heap before
{Heap before GC invocations=7 (full 1):
 PSYoungGen      total 131584K, used 7115K [0x00000000ece00000, 0x00000000f5900000, 0x0000000100000000)
  eden space 122368K, 0% used [0x00000000ece00000,0x00000000ece00000,0x00000000f4580000)
  from space 9216K, 77% used [0x00000000f4f00000,0x00000000f55f2fc8,0x00000000f5800000)
  to   space 9728K, 0% used [0x00000000f4580000,0x00000000f4580000,0x00000000f4f00000)
 ParOldGen       total 39936K, used 16639K [0x00000000c6a00000, 0x00000000c9100000, 0x00000000ece00000)
  object space 39936K, 41% used [0x00000000c6a00000,0x00000000c7a3fdf0,0x00000000c9100000)
 Metaspace       used 20831K, capacity 21252K, committed 21296K, reserved 1069056K
  class space    used 2419K, capacity 2580K, committed 2608K, reserved 1048576K
Event: 3.262 GC heap after
Heap after GC invocations=7 (full 1):
 PSYoungGen      total 131584K, used 0K [0x00000000ece00000, 0x00000000f5900000, 0x0000000100000000)
  eden space 122368K, 0% used [0x00000000ece00000,0x00000000ece00000,0x00000000f4580000)
  from space 9216K, 0% used [0x00000000f4f00000,0x00000000f4f00000,0x00000000f5800000)
  to   space 9728K, 0% used [0x00000000f4580000,0x00000000f4580000,0x00000000f4f00000)
 ParOldGen       total 43008K, used 12368K [0x00000000c6a00000, 0x00000000c9400000, 0x00000000ece00000)
  object space 43008K, 28% used [0x00000000c6a00000,0x00000000c7614140,0x00000000c9400000)
 Metaspace       used 20831K, capacity 21252K, committed 21296K, reserved 1069056K
  class space    used 2419K, capacity 2580K, committed 2608K, reserved 1048576K
}
Event: 4.303 GC heap before
{Heap before GC invocations=8 (full 1):
 PSYoungGen      total 131584K, used 122368K [0x00000000ece00000, 0x00000000f5900000, 0x0000000100000000)
  eden space 122368K, 100% used [0x00000000ece00000,0x00000000f4580000,0x00000000f4580000)
  from space 9216K, 0% used [0x00000000f4f00000,0x00000000f4f00000,0x00000000f5800000)
  to   space 9728K, 0% used [0x00000000f4580000,0x00000000f4580000,0x00000000f4f00000)
 ParOldGen       total 43008K, used 12368K [0x00000000c6a00000, 0x00000000c9400000, 0x00000000ece00000)
  object space 43008K, 28% used [0x00000000c6a00000,0x00000000c7614140,0x00000000c9400000)
 Metaspace       used 23343K, capacity 23822K, committed 23856K, reserved 1071104K
  class space    used 2687K, capacity 2861K, committed 2864K, reserved 1048576K

