# JRE version: OpenJDK Runtime Environment (8.0_181-b13) (build 1.8.0_181-8u181-b13-1ubuntu0.16.04.1-b13)
# Java VM: OpenJDK 64-Bit Server VM (25.181-b13 mixed mode linux-amd64 compressed oops)
Heap:
 PSYoungGen      total 131584K, used 9185K [0x00000000ece00000, 0x00000000f5800000, 0x0000000100000000)
  eden space 122368K, 0% used [0x00000000ece00000,0x00000000ece00000,0x00000000f4580000)
  from space 9216K, 99% used [0x00000000f4580000,0x00000000f4e78530,0x00000000f4e80000)
  to   space 8704K, 0% used [0x00000000f4e80000,0x00000000f4e80000,0x00000000f5700000)
 ParOldGen       total 41472K, used 24493K [0x00000000c6a00000, 0x00000000c9280000, 0x00000000ece00000)
  object space 41472K, 59% used [0x00000000c6a00000,0x00000000c81eb5f8,0x00000000c9280000)
 Metaspace       used 23355K, capacity 23772K, committed 23856K, reserved 1071104K
  class space    used 2686K, capacity 2859K, committed 2864K, reserved 1048576K
GC Heap History (10 events):
Event: 1.576 GC heap after
Heap after GC invocations=5 (full 0):
 PSYoungGen      total 32768K, used 2016K [0x00000000ece00000, 0x00000000f1800000, 0x0000000100000000)
  eden space 30720K, 0% used [0x00000000ece00000,0x00000000ece00000,0x00000000eec00000)
  from space 2048K, 98% used [0x00000000eec00000,0x00000000eedf8020,0x00000000eee00000)
  to   space 7168K, 0% used [0x00000000f1100000,0x00000000f1100000,0x00000000f1800000)
 ParOldGen       total 39936K, used 11418K [0x00000000c6a00000, 0x00000000c9100000, 0x00000000ece00000)
  object space 39936K, 28% used [0x00000000c6a00000,0x00000000c7526890,0x00000000c9100000)
 Metaspace       used 14887K, capacity 15082K, committed 15232K, reserved 1062912K
  class space    used 1794K, capacity 1903K, committed 1920K, reserved 1048576K
}
Event: 2.185 GC heap before
{Heap before GC invocations=6 (full 0):
 PSYoungGen      total 32768K, used 32736K [0x00000000ece00000, 0x00000000f1800000, 0x0000000100000000)
  eden space 30720K, 100% used [0x00000000ece00000,0x00000000eec00000,0x00000000eec00000)
  from space 2048K, 98% used [0x00000000eec00000,0x00000000eedf8020,0x00000000eee00000)
  to   space 7168K, 0% used [0x00000000f1100000,0x00000000f1100000,0x00000000f1800000)
 ParOldGen       total 39936K, used 11418K [0x00000000c6a00000, 0x00000000c9100000, 0x00000000ece00000)
  object space 39936K, 28% used [0x00000000c6a00000,0x00000000c7526890,0x00000000c9100000)
 Metaspace       used 16129K, capacity 16442K, committed 16640K, reserved 1064960K
  class space    used 1918K, capacity 2011K, committed 2048K, reserved 1048576K
Event: 2.193 GC heap after
Heap after GC invocations=6 (full 0):
 PSYoungGen      total 68608K, used 4952K [0x00000000ece00000, 0x00000000f1800000, 0x0000000100000000)
  eden space 61440K, 0% used [0x00000000ece00000,0x00000000ece00000,0x00000000f0a00000)
  from space 7168K, 69% used [0x00000000f1100000,0x00000000f15d6220,0x00000000f1800000)
  to   space 7168K, 0% used [0x00000000f0a00000,0x00000000f0a00000,0x00000000f1100000)
 ParOldGen       total 39936K, used 11418K [0x00000000c6a00000, 0x00000000c9100000, 0x00000000ece00000)
  object space 39936K, 28% used [0x00000000c6a00000,0x00000000c7526890,0x00000000c9100000)
 Metaspace       used 16129K, capacity 16442K, committed 16640K, reserved 1064960K
  class space    used 1918K, capacity 2011K, committed 2048K, reserved 1048576K
}
Event: 3.028 GC heap before
{Heap before GC invocations=7 (full 0):
 PSYoungGen      total 68608K, used 66392K [0x00000000ece00000, 0x00000000f1800000, 0x0000000100000000)
  eden space 61440K, 100% used [0x00000000ece00000,0x00000000f0a00000,0x00000000f0a00000)
  from space 7168K, 69% used [0x00000000f1100000,0x00000000f15d6220,0x00000000f1800000)
  to   space 7168K, 0% used [0x00000000f0a00000,0x00000000f0a00000,0x00000000f1100000)
 ParOldGen       total 39936K, used 11418K [0x00000000c6a00000, 0x00000000c9100000, 0x00000000ece00000)
  object space 39936K, 28% used [0x00000000c6a00000,0x00000000c7526890,0x00000000c9100000)
 Metaspace       used 17710K, capacity 18116K, committed 18432K, reserved 1064960K
  class space    used 2049K, capacity 2192K, committed 2304K, reserved 1048576K
Event: 3.050 GC heap after
Heap after GC invocations=7 (full 0):
 PSYoungGen      total 68608K, used 7167K [0x00000000ece00000, 0x00000000f5700000, 0x0000000100000000)
  eden space 61440K, 0% used [0x00000000ece00000,0x00000000ece00000,0x00000000f0a00000)
  from space 7168K, 99% used [0x00000000f0a00000,0x00000000f10ffda8,0x00000000f1100000)
  to   space 8704K, 0% used [0x00000000f4e80000,0x00000000f4e80000,0x00000000f5700000)
 ParOldGen       total 39936K, used 12414K [0x00000000c6a00000, 0x00000000c9100000, 0x00000000ece00000)
  object space 39936K, 31% used [0x00000000c6a00000,0x00000000c761fa88,0x00000000c9100000)
 Metaspace       used 17710K, capacity 18116K, committed 18432K, reserved 1064960K
  class space    used 2049K, capacity 2192K, committed 2304K, reserved 1048576K
}
Event: 3.417 GC heap before
{Heap before GC invocations=8 (full 0):
 PSYoungGen      total 68608K, used 21887K [0x00000000ece00000, 0x00000000f5700000, 0x0000000100000000)
  eden space 61440K, 23% used [0x00000000ece00000,0x00000000edc5ffe0,0x00000000f0a00000)
  from space 7168K, 99% used [0x00000000f0a00000,0x00000000f10ffda8,0x00000000f1100000)
  to   space 8704K, 0% used [0x00000000f4e80000,0x00000000f4e80000,0x00000000f5700000)
 ParOldGen       total 39936K, used 12414K [0x00000000c6a00000, 0x00000000c9100000, 0x00000000ece00000)
  object space 39936K, 31% used [0x00000000c6a00000,0x00000000c761fa88,0x00000000c9100000)
 Metaspace       used 20856K, capacity 21268K, committed 21296K, reserved 1069056K
  class space    used 2421K, capacity 2580K, committed 2608K, reserved 1048576K
Event: 3.439 GC heap after
Heap after GC invocations=8 (full 0):
 PSYoungGen      total 131072K, used 7974K [0x00000000ece00000, 0x00000000f5800000, 0x0000000100000000)
  eden space 122368K, 0% used [0x00000000ece00000,0x00000000ece00000,0x00000000f4580000)
  from space 8704K, 91% used [0x00000000f4e80000,0x00000000f56498f0,0x00000000f5700000)
  to   space 9216K, 0% used [0x00000000f4580000,0x00000000f4580000,0x00000000f4e80000)
 ParOldGen       total 39936K, used 12854K [0x00000000c6a00000, 0x00000000c9100000, 0x00000000ece00000)
  object space 39936K, 32% used [0x00000000c6a00000,0x00000000c768da88,0x00000000c9100000)
 Metaspace       used 20856K, capacity 21268K, committed 21296K, reserved 1069056K
  class space    used 2421K, capacity 2580K, committed 2608K, reserved 1048576K
}
Event: 3.439 GC heap before
{Heap before GC invocations=9 (full 1):
 PSYoungGen      total 131072K, used 7974K [0x00000000ece00000, 0x00000000f5800000, 0x0000000100000000)
  eden space 122368K, 0% used [0x00000000ece00000,0x00000000ece00000,0x00000000f4580000)
  from space 8704K, 91% used [0x00000000f4e80000,0x00000000f56498f0,0x00000000f5700000)
  to   space 9216K, 0% used [0x00000000f4580000,0x00000000f4580000,0x00000000f4e80000)
 ParOldGen       total 39936K, used 12854K [0x00000000c6a00000, 0x00000000c9100000, 0x00000000ece00000)
  object space 39936K, 32% used [0x00000000c6a00000,0x00000000c768da88,0x00000000c9100000)
 Metaspace       used 20856K, capacity 21268K, committed 21296K, reserved 1069056K
  class space    used 2421K, capacity 2580K, committed 2608K, reserved 1048576K
Event: 3.557 GC heap after
Heap after GC invocations=9 (full 1):
 PSYoungGen      total 131072K, used 0K [0x00000000ece00000, 0x00000000f5800000, 0x0000000100000000)
  eden space 122368K, 0% used [0x00000000ece00000,0x00000000ece00000,0x00000000f4580000)
  from space 8704K, 0% used [0x00000000f4e80000,0x00000000f4e80000,0x00000000f5700000)
  to   space 9216K, 0% used [0x00000000f4580000,0x00000000f4580000,0x00000000f4e80000)
 ParOldGen       total 41472K, used 13624K [0x00000000c6a00000, 0x00000000c9280000, 0x00000000ece00000)
  object space 41472K, 32% used [0x00000000c6a00000,0x00000000c774e340,0x00000000c9280000)
 Metaspace       used 20856K, capacity 21268K, committed 21296K, reserved 1069056K
  class space    used 2421K, capacity 2580K, committed 2608K, reserved 1048576K
}
Event: 33.739 GC heap before
{Heap before GC invocations=10 (full 1):
 PSYoungGen      total 131072K, used 122368K [0x00000000ece00000, 0x00000000f5800000, 0x0000000100000000)
  eden space 122368K, 100% used [0x00000000ece00000,0x00000000f4580000,0x00000000f4580000)
  from space 8704K, 0% used [0x00000000f4e80000,0x00000000f4e80000,0x00000000f5700000)
  to   space 9216K, 0% used [0x00000000f4580000,0x00000000f4580000,0x00000000f4e80000)
 ParOldGen       total 41472K, used 13624K [0x00000000c6a00000, 0x00000000c9280000, 0x00000000ece00000)
  object space 41472K, 32% used [0x00000000c6a00000,0x00000000c774e340,0x00000000c9280000)
 Metaspace       used 23355K, capacity 23772K, committed 23856K, reserved 1071104K
  class space    used 2686K, capacity 2859K, committed 2864K, reserved 1048576K

